2021-09-13 20:36:43 error: [POST] /api/auth/signup >> StatusCode:: 400, Message:: property name should not exist, firstName should not be empty, lastName should not be empty
2021-09-13 20:37:18 error: [POST] /api/auth/signup >> StatusCode:: 400, Message:: Unexpected string in JSON at position 89
2021-09-13 20:37:57 error: [POST] /api/auth/signup >> StatusCode:: 400, Message:: Unexpected string in JSON at position 89
2021-09-13 20:37:59 error: [POST] /api/auth/signup >> StatusCode:: 400, Message:: Unexpected string in JSON at position 89
2021-09-13 20:38:13 error: [POST] /api/auth/signup >> StatusCode:: 400, Message:: Unexpected string in JSON at position 89
2021-09-13 20:39:43 error: [POST] /api/auth/signup >> StatusCode:: 400, Message:: Unexpected string in JSON at position 89
2021-09-13 20:40:09 error: [POST] /api/auth/signup >> StatusCode:: 400, Message:: property name should not exist, firstName should not be empty, lastName should not be empty
2021-09-13 20:40:23 error: [POST] /api/auth/signup >> StatusCode:: 400, Message:: Your role 'trainer' is invalid. Only trainer and user are allowed
2021-09-13 20:40:58 error: [POST] /api/auth/signup >> StatusCode:: 409, Message:: OTP is either expired or wrong
2021-09-13 20:53:54 error: [POST] /api/auth/signup >> StatusCode:: 409, Message:: OTP is either expired or wrong
2021-09-13 20:54:51 error: [POST] /api/auth/signup >> StatusCode:: 409, Message:: OTP is either expired or wrong
2021-09-13 20:55:20 error: [POST] /api/auth/signup >> StatusCode:: 409, Message:: OTP is either expired or wrong
2021-09-13 20:56:20 error: [POST] /api/auth/signup >> StatusCode:: 500, Message:: User validation failed: lastName: Path `lastName` is required., firstName: Path `firstName` is required.
2021-09-13 20:57:05 error: [POST] /api/auth/signup >> StatusCode:: 400, Message:: Unexpected string in JSON at position 42
2021-09-13 20:58:05 error: [POST] /api/auth/signup >> StatusCode:: 400, Message:: Unexpected string in JSON at position 42
2021-09-13 20:58:57 error: [POST] /api/auth/signup >> StatusCode:: 400, Message:: Unexpected string in JSON at position 42
2021-09-13 20:59:31 error: [POST] /api/auth/signup >> StatusCode:: 400, Message:: Your role 'trainer' is invalid. Only admin, doctor and patient are allowed
2021-09-13 22:28:04 error: uncaughtException: Cannot find module '@utils/web.locale.en.json'
Require stack:
- /home/ravi/Downloads/tf_2021/src/services/admins.service.ts
- /home/ravi/Downloads/tf_2021/src/services/auth.service.ts
- /home/ravi/Downloads/tf_2021/src/controllers/auth.controller.ts
- /home/ravi/Downloads/tf_2021/src/routes/auth.route.ts
- /home/ravi/Downloads/tf_2021/src/server.ts
Error: Cannot find module '@utils/web.locale.en.json'
Require stack:
- /home/ravi/Downloads/tf_2021/src/services/admins.service.ts
- /home/ravi/Downloads/tf_2021/src/services/auth.service.ts
- /home/ravi/Downloads/tf_2021/src/controllers/auth.controller.ts
- /home/ravi/Downloads/tf_2021/src/routes/auth.route.ts
- /home/ravi/Downloads/tf_2021/src/server.ts
    at Function.Module._resolveFilename (internal/modules/cjs/loader.js:889:15)
    at Function.Module._resolveFilename (/home/ravi/Downloads/tf_2021/node_modules/tsconfig-paths/lib/register.js:75:40)
    at Function.Module._load (internal/modules/cjs/loader.js:745:27)
    at Module.require (internal/modules/cjs/loader.js:961:19)
    at require (internal/modules/cjs/helpers.js:92:18)
    at Object.<anonymous> (/home/ravi/Downloads/tf_2021/src/services/admins.service.ts:8:1)
    at Module._compile (internal/modules/cjs/loader.js:1072:14)
    at Module.m._compile (/home/ravi/Downloads/tf_2021/node_modules/ts-node/src/index.ts:1225:23)
    at Module._extensions..js (internal/modules/cjs/loader.js:1101:10)
    at Object.require.extensions.<computed> [as .ts] (/home/ravi/Downloads/tf_2021/node_modules/ts-node/src/index.ts:1228:12)
    at Module.load (internal/modules/cjs/loader.js:937:32)
    at Function.Module._load (internal/modules/cjs/loader.js:778:12)
    at Module.require (internal/modules/cjs/loader.js:961:19)
    at require (internal/modules/cjs/helpers.js:92:18)
    at Object.<anonymous> (/home/ravi/Downloads/tf_2021/src/services/auth.service.ts:14:1)
    at Module._compile (internal/modules/cjs/loader.js:1072:14)
2021-09-13 22:28:41 error: uncaughtException: AdminService is not defined
ReferenceError: AdminService is not defined
    at AuthService.<instance_members_initializer> (/home/ravi/Downloads/tf_2021/src/services/auth.service.ts:22:24)
    at new AuthService (/home/ravi/Downloads/tf_2021/src/services/auth.service.ts:20:1)
    at AuthController.<instance_members_initializer> (/home/ravi/Downloads/tf_2021/src/controllers/auth.controller.ts:14:23)
    at new AuthController (/home/ravi/Downloads/tf_2021/src/controllers/auth.controller.ts:13:1)
    at AuthRoute.<instance_members_initializer> (/home/ravi/Downloads/tf_2021/src/routes/auth.route.ts:12:26)
    at new AuthRoute (/home/ravi/Downloads/tf_2021/src/routes/auth.route.ts:15:2)
    at Object.<anonymous> (/home/ravi/Downloads/tf_2021/src/server.ts:18:2)
    at Module._compile (internal/modules/cjs/loader.js:1072:14)
    at Module.m._compile (/home/ravi/Downloads/tf_2021/node_modules/ts-node/src/index.ts:1225:23)
    at Module._extensions..js (internal/modules/cjs/loader.js:1101:10)
    at Object.require.extensions.<computed> [as .ts] (/home/ravi/Downloads/tf_2021/node_modules/ts-node/src/index.ts:1228:12)
    at Module.load (internal/modules/cjs/loader.js:937:32)
    at Function.Module._load (internal/modules/cjs/loader.js:778:12)
    at Function.executeUserEntryPoint [as runMain] (internal/modules/run_main.js:76:12)
    at main (/home/ravi/Downloads/tf_2021/node_modules/ts-node/src/bin.ts:330:12)
    at Object.<anonymous> (/home/ravi/Downloads/tf_2021/node_modules/ts-node/src/bin.ts:477:3)
2021-09-13 22:29:48 error: uncaughtException: Missing initializer in const declaration
/home/ravi/Downloads/tf_2021/src/models/users.model.ts:4
const ROLES = ["admin", "doctor", "patient"], SOCIALS = ["apple", "google", "facebook"], GENDER = ["", "male", "female"], profileApproval;
                                                                                                                          ^^^^^^^^^^^^^^^

SyntaxError: Missing initializer in const declaration
    at wrapSafe (internal/modules/cjs/loader.js:988:16)
    at Module._compile (internal/modules/cjs/loader.js:1036:27)
    at Module.m._compile (/home/ravi/Downloads/tf_2021/node_modules/ts-node/src/index.ts:1225:23)
    at Module._extensions..js (internal/modules/cjs/loader.js:1101:10)
    at Object.require.extensions.<computed> [as .ts] (/home/ravi/Downloads/tf_2021/node_modules/ts-node/src/index.ts:1228:12)
    at Module.load (internal/modules/cjs/loader.js:937:32)
    at Function.Module._load (internal/modules/cjs/loader.js:778:12)
    at Module.require (internal/modules/cjs/loader.js:961:19)
    at require (internal/modules/cjs/helpers.js:92:18)
    at Object.<anonymous> (/home/ravi/Downloads/tf_2021/src/middlewares/auth.middleware.ts:6:1)
    at Module._compile (internal/modules/cjs/loader.js:1072:14)
    at Module.m._compile (/home/ravi/Downloads/tf_2021/node_modules/ts-node/src/index.ts:1225:23)
    at Module._extensions..js (internal/modules/cjs/loader.js:1101:10)
    at Object.require.extensions.<computed> [as .ts] (/home/ravi/Downloads/tf_2021/node_modules/ts-node/src/index.ts:1228:12)
    at Module.load (internal/modules/cjs/loader.js:937:32)
    at Function.Module._load (internal/modules/cjs/loader.js:778:12)
2021-09-13 22:30:23 error: uncaughtException: тип Unable to compile TypeScript:
[96msrc/models/users.model.ts[0m:[93m53[0m:[93m3[0m - [91merror[0m[90m TS1005: [0m',' expected.

[7m53[0m   dob: {
[7m  [0m [91m  ~~~[0m

TSError: тип Unable to compile TypeScript:
[96msrc/models/users.model.ts[0m:[93m53[0m:[93m3[0m - [91merror[0m[90m TS1005: [0m',' expected.

[7m53[0m   dob: {
[7m  [0m [91m  ~~~[0m

    at createTSError (/home/ravi/Downloads/tf_2021/node_modules/ts-node/src/index.ts:618:12)
    at reportTSError (/home/ravi/Downloads/tf_2021/node_modules/ts-node/src/index.ts:622:19)
    at /home/ravi/Downloads/tf_2021/node_modules/ts-node/src/index.ts:1084:34
    at Object.compile (/home/ravi/Downloads/tf_2021/node_modules/ts-node/src/index.ts:1111:30)
    at Module.m._compile (/home/ravi/Downloads/tf_2021/node_modules/ts-node/src/index.ts:1224:30)
    at Module._extensions..js (internal/modules/cjs/loader.js:1101:10)
    at Object.require.extensions.<computed> [as .ts] (/home/ravi/Downloads/tf_2021/node_modules/ts-node/src/index.ts:1228:12)
    at Module.load (internal/modules/cjs/loader.js:937:32)
    at Function.Module._load (internal/modules/cjs/loader.js:778:12)
    at Module.require (internal/modules/cjs/loader.js:961:19)
    at require (internal/modules/cjs/helpers.js:92:18)
    at Object.<anonymous> (/home/ravi/Downloads/tf_2021/src/middlewares/auth.middleware.ts:6:1)
    at Module._compile (internal/modules/cjs/loader.js:1072:14)
    at Module.m._compile (/home/ravi/Downloads/tf_2021/node_modules/ts-node/src/index.ts:1225:23)
    at Module._extensions..js (internal/modules/cjs/loader.js:1101:10)
    at Object.require.extensions.<computed> [as .ts] (/home/ravi/Downloads/tf_2021/node_modules/ts-node/src/index.ts:1228:12)
2021-09-13 22:30:48 error: uncaughtException: PROFILE_APPROVAL is not defined
ReferenceError: PROFILE_APPROVAL is not defined
    at Object.<anonymous> (/home/ravi/Downloads/tf_2021/src/models/users.model.ts:54:19)
    at Module._compile (internal/modules/cjs/loader.js:1072:14)
    at Module.m._compile (/home/ravi/Downloads/tf_2021/node_modules/ts-node/src/index.ts:1225:23)
    at Module._extensions..js (internal/modules/cjs/loader.js:1101:10)
    at Object.require.extensions.<computed> [as .ts] (/home/ravi/Downloads/tf_2021/node_modules/ts-node/src/index.ts:1228:12)
    at Module.load (internal/modules/cjs/loader.js:937:32)
    at Function.Module._load (internal/modules/cjs/loader.js:778:12)
    at Module.require (internal/modules/cjs/loader.js:961:19)
    at require (internal/modules/cjs/helpers.js:92:18)
    at Object.<anonymous> (/home/ravi/Downloads/tf_2021/src/middlewares/auth.middleware.ts:6:1)
    at Module._compile (internal/modules/cjs/loader.js:1072:14)
    at Module.m._compile (/home/ravi/Downloads/tf_2021/node_modules/ts-node/src/index.ts:1225:23)
    at Module._extensions..js (internal/modules/cjs/loader.js:1101:10)
    at Object.require.extensions.<computed> [as .ts] (/home/ravi/Downloads/tf_2021/node_modules/ts-node/src/index.ts:1228:12)
    at Module.load (internal/modules/cjs/loader.js:937:32)
    at Function.Module._load (internal/modules/cjs/loader.js:778:12)
2021-09-13 22:33:54 error: uncaughtException: тип Unable to compile TypeScript:
[96msrc/models/users.model.ts[0m:[93m56[0m:[93m13[0m - [91merror[0m[90m TS1005: [0m',' expected.

[7m56[0m             type: String,
[7m  [0m [91m            ~~~~[0m

TSError: тип Unable to compile TypeScript:
[96msrc/models/users.model.ts[0m:[93m56[0m:[93m13[0m - [91merror[0m[90m TS1005: [0m',' expected.

[7m56[0m             type: String,
[7m  [0m [91m            ~~~~[0m

    at createTSError (/home/ravi/Downloads/tf_2021/node_modules/ts-node/src/index.ts:618:12)
    at reportTSError (/home/ravi/Downloads/tf_2021/node_modules/ts-node/src/index.ts:622:19)
    at /home/ravi/Downloads/tf_2021/node_modules/ts-node/src/index.ts:1084:34
    at Object.compile (/home/ravi/Downloads/tf_2021/node_modules/ts-node/src/index.ts:1111:30)
    at Module.m._compile (/home/ravi/Downloads/tf_2021/node_modules/ts-node/src/index.ts:1224:30)
    at Module._extensions..js (internal/modules/cjs/loader.js:1101:10)
    at Object.require.extensions.<computed> [as .ts] (/home/ravi/Downloads/tf_2021/node_modules/ts-node/src/index.ts:1228:12)
    at Module.load (internal/modules/cjs/loader.js:937:32)
    at Function.Module._load (internal/modules/cjs/loader.js:778:12)
    at Module.require (internal/modules/cjs/loader.js:961:19)
    at require (internal/modules/cjs/helpers.js:92:18)
    at Object.<anonymous> (/home/ravi/Downloads/tf_2021/src/middlewares/auth.middleware.ts:6:1)
    at Module._compile (internal/modules/cjs/loader.js:1072:14)
    at Module.m._compile (/home/ravi/Downloads/tf_2021/node_modules/ts-node/src/index.ts:1225:23)
    at Module._extensions..js (internal/modules/cjs/loader.js:1101:10)
    at Object.require.extensions.<computed> [as .ts] (/home/ravi/Downloads/tf_2021/node_modules/ts-node/src/index.ts:1228:12)
2021-09-13 22:34:09 error: uncaughtException: тип Unable to compile TypeScript:
[96msrc/models/users.model.ts[0m:[93m59[0m:[93m9[0m - [91merror[0m[90m TS1109: [0mExpression expected.

[7m59[0m         },
[7m  [0m [91m        ~[0m

TSError: тип Unable to compile TypeScript:
[96msrc/models/users.model.ts[0m:[93m59[0m:[93m9[0m - [91merror[0m[90m TS1109: [0mExpression expected.

[7m59[0m         },
[7m  [0m [91m        ~[0m

    at createTSError (/home/ravi/Downloads/tf_2021/node_modules/ts-node/src/index.ts:618:12)
    at reportTSError (/home/ravi/Downloads/tf_2021/node_modules/ts-node/src/index.ts:622:19)
    at /home/ravi/Downloads/tf_2021/node_modules/ts-node/src/index.ts:1084:34
    at Object.compile (/home/ravi/Downloads/tf_2021/node_modules/ts-node/src/index.ts:1111:30)
    at Module.m._compile (/home/ravi/Downloads/tf_2021/node_modules/ts-node/src/index.ts:1224:30)
    at Module._extensions..js (internal/modules/cjs/loader.js:1101:10)
    at Object.require.extensions.<computed> [as .ts] (/home/ravi/Downloads/tf_2021/node_modules/ts-node/src/index.ts:1228:12)
    at Module.load (internal/modules/cjs/loader.js:937:32)
    at Function.Module._load (internal/modules/cjs/loader.js:778:12)
    at Module.require (internal/modules/cjs/loader.js:961:19)
    at require (internal/modules/cjs/helpers.js:92:18)
    at Object.<anonymous> (/home/ravi/Downloads/tf_2021/src/middlewares/auth.middleware.ts:6:1)
    at Module._compile (internal/modules/cjs/loader.js:1072:14)
    at Module.m._compile (/home/ravi/Downloads/tf_2021/node_modules/ts-node/src/index.ts:1225:23)
    at Module._extensions..js (internal/modules/cjs/loader.js:1101:10)
    at Object.require.extensions.<computed> [as .ts] (/home/ravi/Downloads/tf_2021/node_modules/ts-node/src/index.ts:1228:12)
2021-09-13 22:34:11 error: uncaughtException: S is not defined
ReferenceError: S is not defined
    at Object.<anonymous> (/home/ravi/Downloads/tf_2021/src/models/users.model.ts:58:26)
    at Module._compile (internal/modules/cjs/loader.js:1072:14)
    at Module.m._compile (/home/ravi/Downloads/tf_2021/node_modules/ts-node/src/index.ts:1225:23)
    at Module._extensions..js (internal/modules/cjs/loader.js:1101:10)
    at Object.require.extensions.<computed> [as .ts] (/home/ravi/Downloads/tf_2021/node_modules/ts-node/src/index.ts:1228:12)
    at Module.load (internal/modules/cjs/loader.js:937:32)
    at Function.Module._load (internal/modules/cjs/loader.js:778:12)
    at Module.require (internal/modules/cjs/loader.js:961:19)
    at require (internal/modules/cjs/helpers.js:92:18)
    at Object.<anonymous> (/home/ravi/Downloads/tf_2021/src/middlewares/auth.middleware.ts:6:1)
    at Module._compile (internal/modules/cjs/loader.js:1072:14)
    at Module.m._compile (/home/ravi/Downloads/tf_2021/node_modules/ts-node/src/index.ts:1225:23)
    at Module._extensions..js (internal/modules/cjs/loader.js:1101:10)
    at Object.require.extensions.<computed> [as .ts] (/home/ravi/Downloads/tf_2021/node_modules/ts-node/src/index.ts:1228:12)
    at Module.load (internal/modules/cjs/loader.js:937:32)
    at Function.Module._load (internal/modules/cjs/loader.js:778:12)
2021-09-13 22:36:36 error: uncaughtException: EIO: i/o error, write
Error: EIO: i/o error, write
    at writeSync (fs.js:733:3)
    at SyncWriteStream._write (internal/fs/sync_write_stream.js:24:3)
    at writeOrBuffer (internal/streams/writable.js:358:12)
    at SyncWriteStream.Writable.write (internal/streams/writable.js:303:10)
    at Console.log (/home/ravi/Downloads/tf_2021/node_modules/winston/lib/winston/transports/console.js:79:23)
    at Console._write (/home/ravi/Downloads/tf_2021/node_modules/winston-transport/index.js:103:17)
    at doWrite (/home/ravi/Downloads/tf_2021/node_modules/readable-stream/lib/_stream_writable.js:428:64)
    at writeOrBuffer (/home/ravi/Downloads/tf_2021/node_modules/readable-stream/lib/_stream_writable.js:417:5)
    at Console.Writable.write (/home/ravi/Downloads/tf_2021/node_modules/readable-stream/lib/_stream_writable.js:334:11)
    at DerivedLogger.ondata (/home/ravi/Downloads/tf_2021/node_modules/winston/node_modules/readable-stream/lib/_stream_readable.js:681:20)
    at DerivedLogger.emit (events.js:412:35)
    at DerivedLogger.emit (domain.js:470:12)
    at addChunk (/home/ravi/Downloads/tf_2021/node_modules/winston/node_modules/readable-stream/lib/_stream_readable.js:298:12)
    at readableAddChunk (/home/ravi/Downloads/tf_2021/node_modules/winston/node_modules/readable-stream/lib/_stream_readable.js:280:11)
    at DerivedLogger.Readable.push (/home/ravi/Downloads/tf_2021/node_modules/winston/node_modules/readable-stream/lib/_stream_readable.js:241:10)
    at DerivedLogger.Transform.push (/home/ravi/Downloads/tf_2021/node_modules/winston/node_modules/readable-stream/lib/_stream_transform.js:139:32)
