2022-03-24 11:42:34 error: uncaughtException: User validation failed: _id: Cast to ObjectId failed for value "" (type string) at path "_id"
ValidationError: User validation failed: _id: Cast to ObjectId failed for value "" (type string) at path "_id"
    at model.Document.invalidate (D:\typescrip_project\typescriptBackend\node_modules\mongoose\lib\document.js:2760:32)
    at model.$set (D:\typescrip_project\typescriptBackend\node_modules\mongoose\lib\document.js:1327:12)
    at model.$set (D:\typescrip_project\typescriptBackend\node_modules\mongoose\lib\document.js:1036:16)
    at model.Document (D:\typescrip_project\typescriptBackend\node_modules\mongoose\lib\document.js:148:12)
    at model.Model (D:\typescrip_project\typescriptBackend\node_modules\mongoose\lib\model.js:105:12)
    at new model (D:\typescrip_project\typescriptBackend\node_modules\mongoose\lib\model.js:4911:15)
    at D:\typescrip_project\typescriptBackend\node_modules\mongoose\lib\model.js:3157:22
    at D:\typescrip_project\typescriptBackend\node_modules\mongoose\lib\model.js:3193:7
    at Array.forEach (<anonymous>)
    at D:\typescrip_project\typescriptBackend\node_modules\mongoose\lib\model.js:3192:15
    at D:\typescrip_project\typescriptBackend\node_modules\mongoose\lib\helpers\promiseOrCallback.js:32:5
    at new Promise (<anonymous>)
    at promiseOrCallback (D:\typescrip_project\typescriptBackend\node_modules\mongoose\lib\helpers\promiseOrCallback.js:31:10)
    at Mongoose._promiseOrCallback (D:\typescrip_project\typescriptBackend\node_modules\mongoose\lib\index.js:1149:10)
    at Function.create (D:\typescrip_project\typescriptBackend\node_modules\mongoose\lib\model.js:3127:23)
    at UserService.createUser (D:\typescrip_project\typescriptBackend\src\services\users.service.ts:162:49)
2022-03-24 11:43:00 error: uncaughtException: тип Unable to compile TypeScript:
[96msrc/utils/helper.ts[0m:[93m252[0m:[93m9[0m - [91merror[0m[90m TS1109: [0mExpression expected.

[7m252[0m     _id:,
[7m   [0m [91m        ~[0m

TSError: тип Unable to compile TypeScript:
[96msrc/utils/helper.ts[0m:[93m252[0m:[93m9[0m - [91merror[0m[90m TS1109: [0mExpression expected.

[7m252[0m     _id:,
[7m   [0m [91m        ~[0m

    at createTSError (C:\Users\Dell\AppData\Roaming\npm\node_modules\ts-node\src\index.ts:820:12)
    at reportTSError (C:\Users\Dell\AppData\Roaming\npm\node_modules\ts-node\src\index.ts:824:19)
    at C:\Users\Dell\AppData\Roaming\npm\node_modules\ts-node\src\index.ts:1292:34
    at Object.compile (C:\Users\Dell\AppData\Roaming\npm\node_modules\ts-node\src\index.ts:1322:43)
    at Module.m._compile (C:\Users\Dell\AppData\Roaming\npm\node_modules\ts-node\src\index.ts:1454:30)
    at Module._extensions..js (node:internal/modules/cjs/loader:1155:10)
    at Object.require.extensions.<computed> [as .ts] (C:\Users\Dell\AppData\Roaming\npm\node_modules\ts-node\src\index.ts:1458:12)
    at Module.load (node:internal/modules/cjs/loader:981:32)
    at Function.Module._load (node:internal/modules/cjs/loader:822:12)
    at Module.require (node:internal/modules/cjs/loader:1005:19)
    at require (node:internal/modules/cjs/helpers:102:18)
    at Object.<anonymous> (D:\typescrip_project\typescriptBackend\src\app.ts:19:1)
    at Module._compile (node:internal/modules/cjs/loader:1103:14)
    at Module.m._compile (C:\Users\Dell\AppData\Roaming\npm\node_modules\ts-node\src\index.ts:1455:23)
    at Module._extensions..js (node:internal/modules/cjs/loader:1155:10)
    at Object.require.extensions.<computed> [as .ts] (C:\Users\Dell\AppData\Roaming\npm\node_modules\ts-node\src\index.ts:1458:12)
2022-03-24 11:43:06 error: uncaughtException: тип Unable to compile TypeScript:
[96msrc/utils/helper.ts[0m:[93m253[0m:[93m16[0m - [91merror[0m[90m TS1003: [0mIdentifier expected.

[7m253[0m     _id:Schema.,
[7m   [0m [91m               ~[0m

TSError: тип Unable to compile TypeScript:
[96msrc/utils/helper.ts[0m:[93m253[0m:[93m16[0m - [91merror[0m[90m TS1003: [0mIdentifier expected.

[7m253[0m     _id:Schema.,
[7m   [0m [91m               ~[0m

    at createTSError (C:\Users\Dell\AppData\Roaming\npm\node_modules\ts-node\src\index.ts:820:12)
    at reportTSError (C:\Users\Dell\AppData\Roaming\npm\node_modules\ts-node\src\index.ts:824:19)
    at C:\Users\Dell\AppData\Roaming\npm\node_modules\ts-node\src\index.ts:1292:34
    at Object.compile (C:\Users\Dell\AppData\Roaming\npm\node_modules\ts-node\src\index.ts:1322:43)
    at Module.m._compile (C:\Users\Dell\AppData\Roaming\npm\node_modules\ts-node\src\index.ts:1454:30)
    at Module._extensions..js (node:internal/modules/cjs/loader:1155:10)
    at Object.require.extensions.<computed> [as .ts] (C:\Users\Dell\AppData\Roaming\npm\node_modules\ts-node\src\index.ts:1458:12)
    at Module.load (node:internal/modules/cjs/loader:981:32)
    at Function.Module._load (node:internal/modules/cjs/loader:822:12)
    at Module.require (node:internal/modules/cjs/loader:1005:19)
    at require (node:internal/modules/cjs/helpers:102:18)
    at Object.<anonymous> (D:\typescrip_project\typescriptBackend\src\app.ts:19:1)
    at Module._compile (node:internal/modules/cjs/loader:1103:14)
    at Module.m._compile (C:\Users\Dell\AppData\Roaming\npm\node_modules\ts-node\src\index.ts:1455:23)
    at Module._extensions..js (node:internal/modules/cjs/loader:1155:10)
    at Object.require.extensions.<computed> [as .ts] (C:\Users\Dell\AppData\Roaming\npm\node_modules\ts-node\src\index.ts:1458:12)
2022-03-24 11:43:13 error: uncaughtException: User validation failed: _id: Cast to ObjectId failed for value "[Function: ObjectId] {
  schemaName: 'ObjectId',
  defaultOptions: {},
  get: [Function (anonymous)],
  set: [Function: set],
  _checkRequired: [Function (anonymous)],
  _cast: [Function: castObjectId],
  cast: [Function: cast],
  _defaultCaster: [Function (anonymous)],
  checkRequired: [Function (anonymous)]
}" (type function) at path "_id"
ValidationError: User validation failed: _id: Cast to ObjectId failed for value "[Function: ObjectId] {
  schemaName: 'ObjectId',
  defaultOptions: {},
  get: [Function (anonymous)],
  set: [Function: set],
  _checkRequired: [Function (anonymous)],
  _cast: [Function: castObjectId],
  cast: [Function: cast],
  _defaultCaster: [Function (anonymous)],
  checkRequired: [Function (anonymous)]
}" (type function) at path "_id"
    at model.Document.invalidate (D:\typescrip_project\typescriptBackend\node_modules\mongoose\lib\document.js:2760:32)
    at model.$set (D:\typescrip_project\typescriptBackend\node_modules\mongoose\lib\document.js:1327:12)
    at model.$set (D:\typescrip_project\typescriptBackend\node_modules\mongoose\lib\document.js:1036:16)
    at model.Document (D:\typescrip_project\typescriptBackend\node_modules\mongoose\lib\document.js:148:12)
    at model.Model (D:\typescrip_project\typescriptBackend\node_modules\mongoose\lib\model.js:105:12)
    at new model (D:\typescrip_project\typescriptBackend\node_modules\mongoose\lib\model.js:4911:15)
    at D:\typescrip_project\typescriptBackend\node_modules\mongoose\lib\model.js:3157:22
    at D:\typescrip_project\typescriptBackend\node_modules\mongoose\lib\model.js:3193:7
    at Array.forEach (<anonymous>)
    at D:\typescrip_project\typescriptBackend\node_modules\mongoose\lib\model.js:3192:15
    at D:\typescrip_project\typescriptBackend\node_modules\mongoose\lib\helpers\promiseOrCallback.js:32:5
    at new Promise (<anonymous>)
    at promiseOrCallback (D:\typescrip_project\typescriptBackend\node_modules\mongoose\lib\helpers\promiseOrCallback.js:31:10)
    at Mongoose._promiseOrCallback (D:\typescrip_project\typescriptBackend\node_modules\mongoose\lib\index.js:1149:10)
    at Function.create (D:\typescrip_project\typescriptBackend\node_modules\mongoose\lib\model.js:3127:23)
    at UserService.createUser (D:\typescrip_project\typescriptBackend\src\services\users.service.ts:162:49)
2022-03-24 11:43:20 error: uncaughtException: User validation failed: _id: Cast to ObjectId failed for value "[Function: ObjectId] {
  schemaName: 'ObjectId',
  defaultOptions: {},
  get: [Function (anonymous)],
  set: [Function: set],
  _checkRequired: [Function (anonymous)],
  _cast: [Function: castObjectId],
  cast: [Function: cast],
  _defaultCaster: [Function (anonymous)],
  checkRequired: [Function (anonymous)]
}" (type function) at path "_id"
ValidationError: User validation failed: _id: Cast to ObjectId failed for value "[Function: ObjectId] {
  schemaName: 'ObjectId',
  defaultOptions: {},
  get: [Function (anonymous)],
  set: [Function: set],
  _checkRequired: [Function (anonymous)],
  _cast: [Function: castObjectId],
  cast: [Function: cast],
  _defaultCaster: [Function (anonymous)],
  checkRequired: [Function (anonymous)]
}" (type function) at path "_id"
    at model.Document.invalidate (D:\typescrip_project\typescriptBackend\node_modules\mongoose\lib\document.js:2760:32)
    at model.$set (D:\typescrip_project\typescriptBackend\node_modules\mongoose\lib\document.js:1327:12)
    at model.$set (D:\typescrip_project\typescriptBackend\node_modules\mongoose\lib\document.js:1036:16)
    at model.Document (D:\typescrip_project\typescriptBackend\node_modules\mongoose\lib\document.js:148:12)
    at model.Model (D:\typescrip_project\typescriptBackend\node_modules\mongoose\lib\model.js:105:12)
    at new model (D:\typescrip_project\typescriptBackend\node_modules\mongoose\lib\model.js:4911:15)
    at D:\typescrip_project\typescriptBackend\node_modules\mongoose\lib\model.js:3157:22
    at D:\typescrip_project\typescriptBackend\node_modules\mongoose\lib\model.js:3193:7
    at Array.forEach (<anonymous>)
    at D:\typescrip_project\typescriptBackend\node_modules\mongoose\lib\model.js:3192:15
    at D:\typescrip_project\typescriptBackend\node_modules\mongoose\lib\helpers\promiseOrCallback.js:32:5
    at new Promise (<anonymous>)
    at promiseOrCallback (D:\typescrip_project\typescriptBackend\node_modules\mongoose\lib\helpers\promiseOrCallback.js:31:10)
    at Mongoose._promiseOrCallback (D:\typescrip_project\typescriptBackend\node_modules\mongoose\lib\index.js:1149:10)
    at Function.create (D:\typescrip_project\typescriptBackend\node_modules\mongoose\lib\model.js:3127:23)
    at UserService.createUser (D:\typescrip_project\typescriptBackend\src\services\users.service.ts:162:49)
2022-03-24 11:44:28 error: uncaughtException: тип Unable to compile TypeScript:
[96msrc/utils/helper.ts[0m:[93m253[0m:[93m4[0m - [91merror[0m[90m TS1136: [0mProperty assignment expected.

[7m253[0m    ,
[7m   [0m [91m   ~[0m
[96msrc/utils/helper.ts[0m:[93m254[0m:[93m9[0m - [91merror[0m[90m TS1005: [0m')' expected.

[7m254[0m     name: config.get("admin.name"),
[7m   [0m [91m        ~[0m
[96msrc/utils/helper.ts[0m:[93m254[0m:[93m17[0m - [91merror[0m[90m TS1005: [0m',' expected.

[7m254[0m     name: config.get("admin.name"),
[7m   [0m [91m                ~[0m
[96msrc/utils/helper.ts[0m:[93m254[0m:[93m21[0m - [91merror[0m[90m TS1005: [0m',' expected.

[7m254[0m     name: config.get("admin.name"),
[7m   [0m [91m                    ~[0m
[96msrc/utils/helper.ts[0m:[93m255[0m:[93m11[0m - [91merror[0m[90m TS1005: [0m';' expected.

[7m255[0m     mobile: config.get("admin.mobile"),
[7m   [0m [91m          ~[0m
[96msrc/utils/helper.ts[0m:[93m256[0m:[93m10[0m - [91merror[0m[90m TS1005: [0m';' expected.

[7m256[0m     email: config.get("admin.email"),
[7m   [0m [91m         ~[0m
[96msrc/utils/helper.ts[0m:[93m257[0m:[93m9[0m - [91merror[0m[90m TS1005: [0m';' expected.

[7m257[0m     role:[{slug:config.get("admin.role")}]  ,
[7m   [0m [91m        ~[0m
[96msrc/utils/helper.ts[0m:[93m258[0m:[93m13[0m - [91merror[0m[90m TS1005: [0m';' expected.

[7m258[0m     password:config.get("admin.password"),
[7m   [0m [91m            ~[0m
[96msrc/utils/helper.ts[0m:[93m259[0m:[93m11[0m - [91merror[0m[90m TS1005: [0m';' expected.

[7m259[0m     status:true
[7m   [0m [91m          ~[0m
[96msrc/utils/helper.ts[0m:[93m260[0m:[93m5[0m - [91merror[0m[90m TS1128: [0mDeclaration or statement expected.

[7m260[0m    })
[7m   [0m [91m    ~[0m
[96msrc/utils/helper.ts[0m:[93m270[0m:[93m1[0m - [91merror[0m[90m TS1128: [0mDeclaration or statement expected.

[7m270[0m }
[7m   [0m [91m~[0m

TSError: тип Unable to compile TypeScript:
[96msrc/utils/helper.ts[0m:[93m253[0m:[93m4[0m - [91merror[0m[90m TS1136: [0mProperty assignment expected.

[7m253[0m    ,
[7m   [0m [91m   ~[0m
[96msrc/utils/helper.ts[0m:[93m254[0m:[93m9[0m - [91merror[0m[90m TS1005: [0m')' expected.

[7m254[0m     name: config.get("admin.name"),
[7m   [0m [91m        ~[0m
[96msrc/utils/helper.ts[0m:[93m254[0m:[93m17[0m - [91merror[0m[90m TS1005: [0m',' expected.

[7m254[0m     name: config.get("admin.name"),
[7m   [0m [91m                ~[0m
[96msrc/utils/helper.ts[0m:[93m254[0m:[93m21[0m - [91merror[0m[90m TS1005: [0m',' expected.

[7m254[0m     name: config.get("admin.name"),
[7m   [0m [91m                    ~[0m
[96msrc/utils/helper.ts[0m:[93m255[0m:[93m11[0m - [91merror[0m[90m TS1005: [0m';' expected.

[7m255[0m     mobile: config.get("admin.mobile"),
[7m   [0m [91m          ~[0m
[96msrc/utils/helper.ts[0m:[93m256[0m:[93m10[0m - [91merror[0m[90m TS1005: [0m';' expected.

[7m256[0m     email: config.get("admin.email"),
[7m   [0m [91m         ~[0m
[96msrc/utils/helper.ts[0m:[93m257[0m:[93m9[0m - [91merror[0m[90m TS1005: [0m';' expected.

[7m257[0m     role:[{slug:config.get("admin.role")}]  ,
[7m   [0m [91m        ~[0m
[96msrc/utils/helper.ts[0m:[93m258[0m:[93m13[0m - [91merror[0m[90m TS1005: [0m';' expected.

[7m258[0m     password:config.get("admin.password"),
[7m   [0m [91m            ~[0m
[96msrc/utils/helper.ts[0m:[93m259[0m:[93m11[0m - [91merror[0m[90m TS1005: [0m';' expected.

[7m259[0m     status:true
[7m   [0m [91m          ~[0m
[96msrc/utils/helper.ts[0m:[93m260[0m:[93m5[0m - [91merror[0m[90m TS1128: [0mDeclaration or statement expected.

[7m260[0m    })
[7m   [0m [91m    ~[0m
[96msrc/utils/helper.ts[0m:[93m270[0m:[93m1[0m - [91merror[0m[90m TS1128: [0mDeclaration or statement expected.

[7m270[0m }
[7m   [0m [91m~[0m

    at createTSError (C:\Users\Dell\AppData\Roaming\npm\node_modules\ts-node\src\index.ts:820:12)
    at reportTSError (C:\Users\Dell\AppData\Roaming\npm\node_modules\ts-node\src\index.ts:824:19)
    at C:\Users\Dell\AppData\Roaming\npm\node_modules\ts-node\src\index.ts:1292:34
    at Object.compile (C:\Users\Dell\AppData\Roaming\npm\node_modules\ts-node\src\index.ts:1322:43)
    at Module.m._compile (C:\Users\Dell\AppData\Roaming\npm\node_modules\ts-node\src\index.ts:1454:30)
    at Module._extensions..js (node:internal/modules/cjs/loader:1155:10)
    at Object.require.extensions.<computed> [as .ts] (C:\Users\Dell\AppData\Roaming\npm\node_modules\ts-node\src\index.ts:1458:12)
    at Module.load (node:internal/modules/cjs/loader:981:32)
    at Function.Module._load (node:internal/modules/cjs/loader:822:12)
    at Module.require (node:internal/modules/cjs/loader:1005:19)
    at require (node:internal/modules/cjs/helpers:102:18)
    at Object.<anonymous> (D:\typescrip_project\typescriptBackend\src\app.ts:19:1)
    at Module._compile (node:internal/modules/cjs/loader:1103:14)
    at Module.m._compile (C:\Users\Dell\AppData\Roaming\npm\node_modules\ts-node\src\index.ts:1455:23)
    at Module._extensions..js (node:internal/modules/cjs/loader:1155:10)
    at Object.require.extensions.<computed> [as .ts] (C:\Users\Dell\AppData\Roaming\npm\node_modules\ts-node\src\index.ts:1458:12)
2022-03-24 11:44:31 error: uncaughtException: тип Unable to compile TypeScript:
[96msrc/utils/helper.ts[0m:[93m252[0m:[93m24[0m - [91merror[0m[90m TS1136: [0mProperty assignment expected.

[7m252[0m    const admin:User =({,
[7m   [0m [91m                       ~[0m

TSError: тип Unable to compile TypeScript:
[96msrc/utils/helper.ts[0m:[93m252[0m:[93m24[0m - [91merror[0m[90m TS1136: [0mProperty assignment expected.

[7m252[0m    const admin:User =({,
[7m   [0m [91m                       ~[0m

    at createTSError (C:\Users\Dell\AppData\Roaming\npm\node_modules\ts-node\src\index.ts:820:12)
    at reportTSError (C:\Users\Dell\AppData\Roaming\npm\node_modules\ts-node\src\index.ts:824:19)
    at C:\Users\Dell\AppData\Roaming\npm\node_modules\ts-node\src\index.ts:1292:34
    at Object.compile (C:\Users\Dell\AppData\Roaming\npm\node_modules\ts-node\src\index.ts:1322:43)
    at Module.m._compile (C:\Users\Dell\AppData\Roaming\npm\node_modules\ts-node\src\index.ts:1454:30)
    at Module._extensions..js (node:internal/modules/cjs/loader:1155:10)
    at Object.require.extensions.<computed> [as .ts] (C:\Users\Dell\AppData\Roaming\npm\node_modules\ts-node\src\index.ts:1458:12)
    at Module.load (node:internal/modules/cjs/loader:981:32)
    at Function.Module._load (node:internal/modules/cjs/loader:822:12)
    at Module.require (node:internal/modules/cjs/loader:1005:19)
    at require (node:internal/modules/cjs/helpers:102:18)
    at Object.<anonymous> (D:\typescrip_project\typescriptBackend\src\app.ts:19:1)
    at Module._compile (node:internal/modules/cjs/loader:1103:14)
    at Module.m._compile (C:\Users\Dell\AppData\Roaming\npm\node_modules\ts-node\src\index.ts:1455:23)
    at Module._extensions..js (node:internal/modules/cjs/loader:1155:10)
    at Object.require.extensions.<computed> [as .ts] (C:\Users\Dell\AppData\Roaming\npm\node_modules\ts-node\src\index.ts:1458:12)
