2022-03-23 16:53:24 error: uncaughtException: Can't use $elemMatch
Error: Can't use $elemMatch
    at ObjectId.SchemaType.castForQuery (C:\rohit\typescript starter1\node_modules\mongoose\lib\schematype.js:1586:13)
    at ObjectId.SchemaType.castForQueryWrapper (C:\rohit\typescript starter1\node_modules\mongoose\lib\schematype.js:1558:22)
    at cast (C:\rohit\typescript starter1\node_modules\mongoose\lib\cast.js:310:39)
    at model.Query.Query.cast (C:\rohit\typescript starter1\node_modules\mongoose\lib\query.js:4937:12)
    at model.Query.Query._castConditions (C:\rohit\typescript starter1\node_modules\mongoose\lib\query.js:1975:10)
    at model.Query.<anonymous> (C:\rohit\typescript starter1\node_modules\mongoose\lib\query.js:2232:8)
    at model.Query._wrappedThunk [as _findOne] (C:\rohit\typescript starter1\node_modules\mongoose\lib\helpers\query\wrapThunk.js:16:8)
    at C:\rohit\typescript starter1\node_modules\kareem\index.js:370:33
    at processTicksAndRejections (node:internal/process/task_queues:78:11)
2022-03-23 16:54:26 error: uncaughtException: тип Unable to compile TypeScript:
[96msrc/services/users.service.ts[0m:[93m119[0m:[93m13[0m - [91merror[0m[90m TS1005: [0m',' expected.

[7m119[0m    isDeleted: false,
[7m   [0m [91m            ~[0m
[96msrc/services/users.service.ts[0m:[93m119[0m:[93m20[0m - [91merror[0m[90m TS1005: [0m':' expected.

[7m119[0m    isDeleted: false,
[7m   [0m [91m                   ~[0m

TSError: тип Unable to compile TypeScript:
[96msrc/services/users.service.ts[0m:[93m119[0m:[93m13[0m - [91merror[0m[90m TS1005: [0m',' expected.

[7m119[0m    isDeleted: false,
[7m   [0m [91m            ~[0m
[96msrc/services/users.service.ts[0m:[93m119[0m:[93m20[0m - [91merror[0m[90m TS1005: [0m':' expected.

[7m119[0m    isDeleted: false,
[7m   [0m [91m                   ~[0m

    at createTSError (C:\Users\pc\AppData\Roaming\npm\node_modules\ts-node\src\index.ts:820:12)
    at reportTSError (C:\Users\pc\AppData\Roaming\npm\node_modules\ts-node\src\index.ts:824:19)
    at C:\Users\pc\AppData\Roaming\npm\node_modules\ts-node\src\index.ts:1292:34
    at Object.compile (C:\Users\pc\AppData\Roaming\npm\node_modules\ts-node\src\index.ts:1322:43)
    at Module.m._compile (C:\Users\pc\AppData\Roaming\npm\node_modules\ts-node\src\index.ts:1454:30)
    at Module._extensions..js (node:internal/modules/cjs/loader:1157:10)
    at Object.require.extensions.<computed> [as .ts] (C:\Users\pc\AppData\Roaming\npm\node_modules\ts-node\src\index.ts:1458:12)
    at Module.load (node:internal/modules/cjs/loader:981:32)
    at Function.Module._load (node:internal/modules/cjs/loader:822:12)
    at Module.require (node:internal/modules/cjs/loader:1005:19)
    at require (node:internal/modules/cjs/helpers:102:18)
    at Object.<anonymous> (C:\rohit\typescript starter1\src\utils\helper.ts:6:1)
    at Module._compile (node:internal/modules/cjs/loader:1103:14)
    at Module.m._compile (C:\Users\pc\AppData\Roaming\npm\node_modules\ts-node\src\index.ts:1455:23)
    at Module._extensions..js (node:internal/modules/cjs/loader:1157:10)
    at Object.require.extensions.<computed> [as .ts] (C:\Users\pc\AppData\Roaming\npm\node_modules\ts-node\src\index.ts:1458:12)
2022-03-23 16:54:32 error: uncaughtException: тип Unable to compile TypeScript:
[96msrc/services/users.service.ts[0m:[93m119[0m:[93m4[0m - [91merror[0m[90m TS1005: [0m',' expected.

[7m119[0m    isDeleted: false,
[7m   [0m [91m   ~~~~~~~~~[0m

TSError: тип Unable to compile TypeScript:
[96msrc/services/users.service.ts[0m:[93m119[0m:[93m4[0m - [91merror[0m[90m TS1005: [0m',' expected.

[7m119[0m    isDeleted: false,
[7m   [0m [91m   ~~~~~~~~~[0m

    at createTSError (C:\Users\pc\AppData\Roaming\npm\node_modules\ts-node\src\index.ts:820:12)
    at reportTSError (C:\Users\pc\AppData\Roaming\npm\node_modules\ts-node\src\index.ts:824:19)
    at C:\Users\pc\AppData\Roaming\npm\node_modules\ts-node\src\index.ts:1292:34
    at Object.compile (C:\Users\pc\AppData\Roaming\npm\node_modules\ts-node\src\index.ts:1322:43)
    at Module.m._compile (C:\Users\pc\AppData\Roaming\npm\node_modules\ts-node\src\index.ts:1454:30)
    at Module._extensions..js (node:internal/modules/cjs/loader:1157:10)
    at Object.require.extensions.<computed> [as .ts] (C:\Users\pc\AppData\Roaming\npm\node_modules\ts-node\src\index.ts:1458:12)
    at Module.load (node:internal/modules/cjs/loader:981:32)
    at Function.Module._load (node:internal/modules/cjs/loader:822:12)
    at Module.require (node:internal/modules/cjs/loader:1005:19)
    at require (node:internal/modules/cjs/helpers:102:18)
    at Object.<anonymous> (C:\rohit\typescript starter1\src\utils\helper.ts:6:1)
    at Module._compile (node:internal/modules/cjs/loader:1103:14)
    at Module.m._compile (C:\Users\pc\AppData\Roaming\npm\node_modules\ts-node\src\index.ts:1455:23)
    at Module._extensions..js (node:internal/modules/cjs/loader:1157:10)
    at Object.require.extensions.<computed> [as .ts] (C:\Users\pc\AppData\Roaming\npm\node_modules\ts-node\src\index.ts:1458:12)
2022-03-23 16:54:36 error: uncaughtException: Cast to ObjectId failed for value "admin" (type string) at path "role" for model "User"
CastError: Cast to ObjectId failed for value "admin" (type string) at path "role" for model "User"
    at model.Query.exec (C:\rohit\typescript starter1\node_modules\mongoose\lib\query.js:4498:21)
    at model.Query.Query.then (C:\rohit\typescript starter1\node_modules\mongoose\lib\query.js:4592:15)
    at processTicksAndRejections (node:internal/process/task_queues:96:5)
2022-03-23 16:55:32 error: uncaughtException: тип Unable to compile TypeScript:
[96msrc/utils/helper.ts[0m:[93m246[0m:[93m61[0m - [91merror[0m[90m TS1005: [0m':' expected.

[7m246[0m   const user= await this.userService.findUserByRole({'admin'})
[7m   [0m [91m                                                            ~[0m

TSError: тип Unable to compile TypeScript:
[96msrc/utils/helper.ts[0m:[93m246[0m:[93m61[0m - [91merror[0m[90m TS1005: [0m':' expected.

[7m246[0m   const user= await this.userService.findUserByRole({'admin'})
[7m   [0m [91m                                                            ~[0m

    at createTSError (C:\Users\pc\AppData\Roaming\npm\node_modules\ts-node\src\index.ts:820:12)
    at reportTSError (C:\Users\pc\AppData\Roaming\npm\node_modules\ts-node\src\index.ts:824:19)
    at C:\Users\pc\AppData\Roaming\npm\node_modules\ts-node\src\index.ts:1292:34
    at Object.compile (C:\Users\pc\AppData\Roaming\npm\node_modules\ts-node\src\index.ts:1322:43)
    at Module.m._compile (C:\Users\pc\AppData\Roaming\npm\node_modules\ts-node\src\index.ts:1454:30)
    at Module._extensions..js (node:internal/modules/cjs/loader:1157:10)
    at Object.require.extensions.<computed> [as .ts] (C:\Users\pc\AppData\Roaming\npm\node_modules\ts-node\src\index.ts:1458:12)
    at Module.load (node:internal/modules/cjs/loader:981:32)
    at Function.Module._load (node:internal/modules/cjs/loader:822:12)
    at Module.require (node:internal/modules/cjs/loader:1005:19)
    at require (node:internal/modules/cjs/helpers:102:18)
    at Object.<anonymous> (C:\rohit\typescript starter1\src\app.ts:19:1)
    at Module._compile (node:internal/modules/cjs/loader:1103:14)
    at Module.m._compile (C:\Users\pc\AppData\Roaming\npm\node_modules\ts-node\src\index.ts:1455:23)
    at Module._extensions..js (node:internal/modules/cjs/loader:1157:10)
    at Object.require.extensions.<computed> [as .ts] (C:\Users\pc\AppData\Roaming\npm\node_modules\ts-node\src\index.ts:1458:12)
2022-03-23 16:55:39 error: uncaughtException: Cast to ObjectId failed for value "{ role: 'admin' }" (type Object) at path "role" for model "User"
CastError: Cast to ObjectId failed for value "{ role: 'admin' }" (type Object) at path "role" for model "User"
    at model.Query.exec (C:\rohit\typescript starter1\node_modules\mongoose\lib\query.js:4498:21)
    at model.Query.Query.then (C:\rohit\typescript starter1\node_modules\mongoose\lib\query.js:4592:15)
    at processTicksAndRejections (node:internal/process/task_queues:96:5)
2022-03-23 16:57:59 error: uncaughtException: i is not defined
ReferenceError: i is not defined
    at Object.<anonymous> (C:\rohit\typescript starter1\src\models\users.model.ts:2:52)
    at Module._compile (node:internal/modules/cjs/loader:1103:14)
    at Module.m._compile (C:\Users\pc\AppData\Roaming\npm\node_modules\ts-node\src\index.ts:1455:23)
    at Module._extensions..js (node:internal/modules/cjs/loader:1157:10)
    at Object.require.extensions.<computed> [as .ts] (C:\Users\pc\AppData\Roaming\npm\node_modules\ts-node\src\index.ts:1458:12)
    at Module.load (node:internal/modules/cjs/loader:981:32)
    at Function.Module._load (node:internal/modules/cjs/loader:822:12)
    at Module.require (node:internal/modules/cjs/loader:1005:19)
    at require (node:internal/modules/cjs/helpers:102:18)
    at Object.<anonymous> (C:\rohit\typescript starter1\src\services\users.service.ts:5:1)
    at Module._compile (node:internal/modules/cjs/loader:1103:14)
    at Module.m._compile (C:\Users\pc\AppData\Roaming\npm\node_modules\ts-node\src\index.ts:1455:23)
    at Module._extensions..js (node:internal/modules/cjs/loader:1157:10)
    at Object.require.extensions.<computed> [as .ts] (C:\Users\pc\AppData\Roaming\npm\node_modules\ts-node\src\index.ts:1458:12)
    at Module.load (node:internal/modules/cjs/loader:981:32)
    at Function.Module._load (node:internal/modules/cjs/loader:822:12)
2022-03-23 16:58:02 error: uncaughtException: тип Unable to compile TypeScript:
[96msrc/models/users.model.ts[0m:[93m5[0m:[93m1[0m - [91merror[0m[90m TS1109: [0mExpression expected.

[7m5[0m const ROLES = ["admin", "employee", "HR", "PM", "client"];
[7m [0m [91m~~~~~[0m

TSError: тип Unable to compile TypeScript:
[96msrc/models/users.model.ts[0m:[93m5[0m:[93m1[0m - [91merror[0m[90m TS1109: [0mExpression expected.

[7m5[0m const ROLES = ["admin", "employee", "HR", "PM", "client"];
[7m [0m [91m~~~~~[0m

    at createTSError (C:\Users\pc\AppData\Roaming\npm\node_modules\ts-node\src\index.ts:820:12)
    at reportTSError (C:\Users\pc\AppData\Roaming\npm\node_modules\ts-node\src\index.ts:824:19)
    at C:\Users\pc\AppData\Roaming\npm\node_modules\ts-node\src\index.ts:1292:34
    at Object.compile (C:\Users\pc\AppData\Roaming\npm\node_modules\ts-node\src\index.ts:1322:43)
    at Module.m._compile (C:\Users\pc\AppData\Roaming\npm\node_modules\ts-node\src\index.ts:1454:30)
    at Module._extensions..js (node:internal/modules/cjs/loader:1157:10)
    at Object.require.extensions.<computed> [as .ts] (C:\Users\pc\AppData\Roaming\npm\node_modules\ts-node\src\index.ts:1458:12)
    at Module.load (node:internal/modules/cjs/loader:981:32)
    at Function.Module._load (node:internal/modules/cjs/loader:822:12)
    at Module.require (node:internal/modules/cjs/loader:1005:19)
    at require (node:internal/modules/cjs/helpers:102:18)
    at Object.<anonymous> (C:\rohit\typescript starter1\src\services\users.service.ts:5:1)
    at Module._compile (node:internal/modules/cjs/loader:1103:14)
    at Module.m._compile (C:\Users\pc\AppData\Roaming\npm\node_modules\ts-node\src\index.ts:1455:23)
    at Module._extensions..js (node:internal/modules/cjs/loader:1157:10)
    at Object.require.extensions.<computed> [as .ts] (C:\Users\pc\AppData\Roaming\npm\node_modules\ts-node\src\index.ts:1458:12)
2022-03-23 16:58:06 error: uncaughtException: тип Unable to compile TypeScript:
[96msrc/models/users.model.ts[0m:[93m5[0m:[93m1[0m - [91merror[0m[90m TS1109: [0mExpression expected.

[7m5[0m const ROLES = ["admin", "employee", "HR", "PM", "client"];
[7m [0m [91m~~~~~[0m

TSError: тип Unable to compile TypeScript:
[96msrc/models/users.model.ts[0m:[93m5[0m:[93m1[0m - [91merror[0m[90m TS1109: [0mExpression expected.

[7m5[0m const ROLES = ["admin", "employee", "HR", "PM", "client"];
[7m [0m [91m~~~~~[0m

    at createTSError (C:\Users\pc\AppData\Roaming\npm\node_modules\ts-node\src\index.ts:820:12)
    at reportTSError (C:\Users\pc\AppData\Roaming\npm\node_modules\ts-node\src\index.ts:824:19)
    at C:\Users\pc\AppData\Roaming\npm\node_modules\ts-node\src\index.ts:1292:34
    at Object.compile (C:\Users\pc\AppData\Roaming\npm\node_modules\ts-node\src\index.ts:1322:43)
    at Module.m._compile (C:\Users\pc\AppData\Roaming\npm\node_modules\ts-node\src\index.ts:1454:30)
    at Module._extensions..js (node:internal/modules/cjs/loader:1157:10)
    at Object.require.extensions.<computed> [as .ts] (C:\Users\pc\AppData\Roaming\npm\node_modules\ts-node\src\index.ts:1458:12)
    at Module.load (node:internal/modules/cjs/loader:981:32)
    at Function.Module._load (node:internal/modules/cjs/loader:822:12)
    at Module.require (node:internal/modules/cjs/loader:1005:19)
    at require (node:internal/modules/cjs/helpers:102:18)
    at Object.<anonymous> (C:\rohit\typescript starter1\src\services\users.service.ts:5:1)
    at Module._compile (node:internal/modules/cjs/loader:1103:14)
    at Module.m._compile (C:\Users\pc\AppData\Roaming\npm\node_modules\ts-node\src\index.ts:1455:23)
    at Module._extensions..js (node:internal/modules/cjs/loader:1157:10)
    at Object.require.extensions.<computed> [as .ts] (C:\Users\pc\AppData\Roaming\npm\node_modules\ts-node\src\index.ts:1458:12)
2022-03-23 16:58:10 error: uncaughtException: тип Unable to compile TypeScript:
[96msrc/models/users.model.ts[0m:[93m5[0m:[93m1[0m - [91merror[0m[90m TS1005: [0m'=' expected.

[7m5[0m const ROLES = ["admin", "employee", "HR", "PM", "client"];
[7m [0m [91m~~~~~[0m

TSError: тип Unable to compile TypeScript:
[96msrc/models/users.model.ts[0m:[93m5[0m:[93m1[0m - [91merror[0m[90m TS1005: [0m'=' expected.

[7m5[0m const ROLES = ["admin", "employee", "HR", "PM", "client"];
[7m [0m [91m~~~~~[0m

    at createTSError (C:\Users\pc\AppData\Roaming\npm\node_modules\ts-node\src\index.ts:820:12)
    at reportTSError (C:\Users\pc\AppData\Roaming\npm\node_modules\ts-node\src\index.ts:824:19)
    at C:\Users\pc\AppData\Roaming\npm\node_modules\ts-node\src\index.ts:1292:34
    at Object.compile (C:\Users\pc\AppData\Roaming\npm\node_modules\ts-node\src\index.ts:1322:43)
    at Module.m._compile (C:\Users\pc\AppData\Roaming\npm\node_modules\ts-node\src\index.ts:1454:30)
    at Module._extensions..js (node:internal/modules/cjs/loader:1157:10)
    at Object.require.extensions.<computed> [as .ts] (C:\Users\pc\AppData\Roaming\npm\node_modules\ts-node\src\index.ts:1458:12)
    at Module.load (node:internal/modules/cjs/loader:981:32)
    at Function.Module._load (node:internal/modules/cjs/loader:822:12)
    at Module.require (node:internal/modules/cjs/loader:1005:19)
    at require (node:internal/modules/cjs/helpers:102:18)
    at Object.<anonymous> (C:\rohit\typescript starter1\src\services\users.service.ts:5:1)
    at Module._compile (node:internal/modules/cjs/loader:1103:14)
    at Module.m._compile (C:\Users\pc\AppData\Roaming\npm\node_modules\ts-node\src\index.ts:1455:23)
    at Module._extensions..js (node:internal/modules/cjs/loader:1157:10)
    at Object.require.extensions.<computed> [as .ts] (C:\Users\pc\AppData\Roaming\npm\node_modules\ts-node\src\index.ts:1458:12)
2022-03-23 16:58:13 error: uncaughtException: тип Unable to compile TypeScript:
[96msrc/models/users.model.ts[0m:[93m5[0m:[93m1[0m - [91merror[0m[90m TS1005: [0m'=' expected.

[7m5[0m const ROLES = ["admin", "employee", "HR", "PM", "client"];
[7m [0m [91m~~~~~[0m

TSError: тип Unable to compile TypeScript:
[96msrc/models/users.model.ts[0m:[93m5[0m:[93m1[0m - [91merror[0m[90m TS1005: [0m'=' expected.

[7m5[0m const ROLES = ["admin", "employee", "HR", "PM", "client"];
[7m [0m [91m~~~~~[0m

    at createTSError (C:\Users\pc\AppData\Roaming\npm\node_modules\ts-node\src\index.ts:820:12)
    at reportTSError (C:\Users\pc\AppData\Roaming\npm\node_modules\ts-node\src\index.ts:824:19)
    at C:\Users\pc\AppData\Roaming\npm\node_modules\ts-node\src\index.ts:1292:34
    at Object.compile (C:\Users\pc\AppData\Roaming\npm\node_modules\ts-node\src\index.ts:1322:43)
    at Module.m._compile (C:\Users\pc\AppData\Roaming\npm\node_modules\ts-node\src\index.ts:1454:30)
    at Module._extensions..js (node:internal/modules/cjs/loader:1157:10)
    at Object.require.extensions.<computed> [as .ts] (C:\Users\pc\AppData\Roaming\npm\node_modules\ts-node\src\index.ts:1458:12)
    at Module.load (node:internal/modules/cjs/loader:981:32)
    at Function.Module._load (node:internal/modules/cjs/loader:822:12)
    at Module.require (node:internal/modules/cjs/loader:1005:19)
    at require (node:internal/modules/cjs/helpers:102:18)
    at Object.<anonymous> (C:\rohit\typescript starter1\src\services\users.service.ts:5:1)
    at Module._compile (node:internal/modules/cjs/loader:1103:14)
    at Module.m._compile (C:\Users\pc\AppData\Roaming\npm\node_modules\ts-node\src\index.ts:1455:23)
    at Module._extensions..js (node:internal/modules/cjs/loader:1157:10)
    at Object.require.extensions.<computed> [as .ts] (C:\Users\pc\AppData\Roaming\npm\node_modules\ts-node\src\index.ts:1458:12)
2022-03-23 16:58:18 error: uncaughtException: тип Unable to compile TypeScript:
[96msrc/models/users.model.ts[0m:[93m3[0m:[93m13[0m - [91merror[0m[90m TS1005: [0m'=' expected.

[7m3[0m import Role drom
[7m [0m [91m            ~~~~[0m

TSError: тип Unable to compile TypeScript:
[96msrc/models/users.model.ts[0m:[93m3[0m:[93m13[0m - [91merror[0m[90m TS1005: [0m'=' expected.

[7m3[0m import Role drom
[7m [0m [91m            ~~~~[0m

    at createTSError (C:\Users\pc\AppData\Roaming\npm\node_modules\ts-node\src\index.ts:820:12)
    at reportTSError (C:\Users\pc\AppData\Roaming\npm\node_modules\ts-node\src\index.ts:824:19)
    at C:\Users\pc\AppData\Roaming\npm\node_modules\ts-node\src\index.ts:1292:34
    at Object.compile (C:\Users\pc\AppData\Roaming\npm\node_modules\ts-node\src\index.ts:1322:43)
    at Module.m._compile (C:\Users\pc\AppData\Roaming\npm\node_modules\ts-node\src\index.ts:1454:30)
    at Module._extensions..js (node:internal/modules/cjs/loader:1157:10)
    at Object.require.extensions.<computed> [as .ts] (C:\Users\pc\AppData\Roaming\npm\node_modules\ts-node\src\index.ts:1458:12)
    at Module.load (node:internal/modules/cjs/loader:981:32)
    at Function.Module._load (node:internal/modules/cjs/loader:822:12)
    at Module.require (node:internal/modules/cjs/loader:1005:19)
    at require (node:internal/modules/cjs/helpers:102:18)
    at Object.<anonymous> (C:\rohit\typescript starter1\src\services\users.service.ts:5:1)
    at Module._compile (node:internal/modules/cjs/loader:1103:14)
    at Module.m._compile (C:\Users\pc\AppData\Roaming\npm\node_modules\ts-node\src\index.ts:1455:23)
    at Module._extensions..js (node:internal/modules/cjs/loader:1157:10)
    at Object.require.extensions.<computed> [as .ts] (C:\Users\pc\AppData\Roaming\npm\node_modules\ts-node\src\index.ts:1458:12)
2022-03-23 16:58:36 error: uncaughtException: Cast to ObjectId failed for value "{ role: 'admin' }" (type Object) at path "role" for model "User"
CastError: Cast to ObjectId failed for value "{ role: 'admin' }" (type Object) at path "role" for model "User"
    at model.Query.exec (C:\rohit\typescript starter1\node_modules\mongoose\lib\query.js:4498:21)
    at model.Query.Query.then (C:\rohit\typescript starter1\node_modules\mongoose\lib\query.js:4592:15)
    at processTicksAndRejections (node:internal/process/task_queues:96:5)
2022-03-23 16:58:41 error: uncaughtException: Cast to ObjectId failed for value "{ role: 'admin' }" (type Object) at path "role" for model "User"
CastError: Cast to ObjectId failed for value "{ role: 'admin' }" (type Object) at path "role" for model "User"
    at model.Query.exec (C:\rohit\typescript starter1\node_modules\mongoose\lib\query.js:4498:21)
    at model.Query.Query.then (C:\rohit\typescript starter1\node_modules\mongoose\lib\query.js:4592:15)
    at processTicksAndRejections (node:internal/process/task_queues:96:5)
2022-03-23 16:58:47 error: uncaughtException: Cast to ObjectId failed for value "{ role: 'admin' }" (type Object) at path "role" for model "User"
CastError: Cast to ObjectId failed for value "{ role: 'admin' }" (type Object) at path "role" for model "User"
    at model.Query.exec (C:\rohit\typescript starter1\node_modules\mongoose\lib\query.js:4498:21)
    at model.Query.Query.then (C:\rohit\typescript starter1\node_modules\mongoose\lib\query.js:4592:15)
    at processTicksAndRejections (node:internal/process/task_queues:96:5)
2022-03-23 16:58:50 error: uncaughtException: Cast to ObjectId failed for value "{ role: 'admin' }" (type Object) at path "role" for model "User"
CastError: Cast to ObjectId failed for value "{ role: 'admin' }" (type Object) at path "role" for model "User"
    at model.Query.exec (C:\rohit\typescript starter1\node_modules\mongoose\lib\query.js:4498:21)
    at model.Query.Query.then (C:\rohit\typescript starter1\node_modules\mongoose\lib\query.js:4592:15)
    at processTicksAndRejections (node:internal/process/task_queues:96:5)
2022-03-23 17:00:30 error: uncaughtException: Your email admin@yopmail.com already exists
Error: Your email admin@yopmail.com already exists
    at UserService.createUser (C:\rohit\typescript starter1\src\services\users.service.ts:155:23)
    at processTicksAndRejections (node:internal/process/task_queues:96:5)
2022-03-23 17:00:40 error: uncaughtException: Your email admin@yopmail.com already exists
Error: Your email admin@yopmail.com already exists
    at UserService.createUser (C:\rohit\typescript starter1\src\services\users.service.ts:155:23)
    at processTicksAndRejections (node:internal/process/task_queues:96:5)
2022-03-23 17:00:45 error: uncaughtException: Your email admin@yopmail.com already exists
Error: Your email admin@yopmail.com already exists
    at UserService.createUser (C:\rohit\typescript starter1\src\services\users.service.ts:155:23)
    at processTicksAndRejections (node:internal/process/task_queues:96:5)
2022-03-23 17:00:56 error: uncaughtException: Cast to string failed for value "{ role: 'admin' }" (type Object) at path "slug" for model "User"
CastError: Cast to string failed for value "{ role: 'admin' }" (type Object) at path "slug" for model "User"
    at model.Query.exec (C:\rohit\typescript starter1\node_modules\mongoose\lib\query.js:4498:21)
    at model.Query.Query.then (C:\rohit\typescript starter1\node_modules\mongoose\lib\query.js:4592:15)
    at processTicksAndRejections (node:internal/process/task_queues:96:5)
2022-03-23 17:01:03 error: uncaughtException: тип Unable to compile TypeScript:
[96msrc/utils/helper.ts[0m:[93m246[0m:[93m59[0m - [91merror[0m[90m TS1109: [0mExpression expected.

[7m246[0m   const user= await this.userService.findUserByRole({role:})
[7m   [0m [91m                                                          ~[0m

TSError: тип Unable to compile TypeScript:
[96msrc/utils/helper.ts[0m:[93m246[0m:[93m59[0m - [91merror[0m[90m TS1109: [0mExpression expected.

[7m246[0m   const user= await this.userService.findUserByRole({role:})
[7m   [0m [91m                                                          ~[0m

    at createTSError (C:\Users\pc\AppData\Roaming\npm\node_modules\ts-node\src\index.ts:820:12)
    at reportTSError (C:\Users\pc\AppData\Roaming\npm\node_modules\ts-node\src\index.ts:824:19)
    at C:\Users\pc\AppData\Roaming\npm\node_modules\ts-node\src\index.ts:1292:34
    at Object.compile (C:\Users\pc\AppData\Roaming\npm\node_modules\ts-node\src\index.ts:1322:43)
    at Module.m._compile (C:\Users\pc\AppData\Roaming\npm\node_modules\ts-node\src\index.ts:1454:30)
    at Module._extensions..js (node:internal/modules/cjs/loader:1157:10)
    at Object.require.extensions.<computed> [as .ts] (C:\Users\pc\AppData\Roaming\npm\node_modules\ts-node\src\index.ts:1458:12)
    at Module.load (node:internal/modules/cjs/loader:981:32)
    at Function.Module._load (node:internal/modules/cjs/loader:822:12)
    at Module.require (node:internal/modules/cjs/loader:1005:19)
    at require (node:internal/modules/cjs/helpers:102:18)
    at Object.<anonymous> (C:\rohit\typescript starter1\src\app.ts:19:1)
    at Module._compile (node:internal/modules/cjs/loader:1103:14)
    at Module.m._compile (C:\Users\pc\AppData\Roaming\npm\node_modules\ts-node\src\index.ts:1455:23)
    at Module._extensions..js (node:internal/modules/cjs/loader:1157:10)
    at Object.require.extensions.<computed> [as .ts] (C:\Users\pc\AppData\Roaming\npm\node_modules\ts-node\src\index.ts:1458:12)
