2022-04-04 12:41:50 error: uncaughtException: тип Unable to compile TypeScript:
[96msrc/services/auth.service.ts[0m:[93m47[0m:[93m26[0m - [91merror[0m[90m TS1005: [0m'>' expected.

[7m47[0m   const role: Array<objex=> = userData.role;
[7m  [0m [91m                         ~~[0m
[96msrc/services/auth.service.ts[0m:[93m47[0m:[93m29[0m - [91merror[0m[90m TS1128: [0mDeclaration or statement expected.

[7m47[0m   const role: Array<objex=> = userData.role;
[7m  [0m [91m                            ~[0m

TSError: тип Unable to compile TypeScript:
[96msrc/services/auth.service.ts[0m:[93m47[0m:[93m26[0m - [91merror[0m[90m TS1005: [0m'>' expected.

[7m47[0m   const role: Array<objex=> = userData.role;
[7m  [0m [91m                         ~~[0m
[96msrc/services/auth.service.ts[0m:[93m47[0m:[93m29[0m - [91merror[0m[90m TS1128: [0mDeclaration or statement expected.

[7m47[0m   const role: Array<objex=> = userData.role;
[7m  [0m [91m                            ~[0m

    at createTSError (C:\Users\rohit\AppData\Roaming\npm\node_modules\ts-node\src\index.ts:820:12)
    at reportTSError (C:\Users\rohit\AppData\Roaming\npm\node_modules\ts-node\src\index.ts:824:19)
    at C:\Users\rohit\AppData\Roaming\npm\node_modules\ts-node\src\index.ts:1292:34
    at Object.compile (C:\Users\rohit\AppData\Roaming\npm\node_modules\ts-node\src\index.ts:1322:43)
    at Module.m._compile (C:\Users\rohit\AppData\Roaming\npm\node_modules\ts-node\src\index.ts:1454:30)
    at Module._extensions..js (node:internal/modules/cjs/loader:1157:10)
    at Object.require.extensions.<computed> [as .ts] (C:\Users\rohit\AppData\Roaming\npm\node_modules\ts-node\src\index.ts:1458:12)
    at Module.load (node:internal/modules/cjs/loader:981:32)
    at Function.Module._load (node:internal/modules/cjs/loader:822:12)
    at Module.require (node:internal/modules/cjs/loader:1005:19)
    at require (node:internal/modules/cjs/helpers:102:18)
    at Object.<anonymous> (C:\rohit\backend\typescriptBackend\src\controllers\auth.controller.ts:6:1)
    at Module._compile (node:internal/modules/cjs/loader:1103:14)
    at Module.m._compile (C:\Users\rohit\AppData\Roaming\npm\node_modules\ts-node\src\index.ts:1455:23)
    at Module._extensions..js (node:internal/modules/cjs/loader:1157:10)
    at Object.require.extensions.<computed> [as .ts] (C:\Users\rohit\AppData\Roaming\npm\node_modules\ts-node\src\index.ts:1458:12)
2022-04-04 14:22:23 error: uncaughtException: Route.get() requires a callback function but got a [object Undefined]
Error: Route.get() requires a callback function but got a [object Undefined]
    at Route.<computed> [as get] (C:\rohit\backend\typescriptBackend\node_modules\express\lib\router\route.js:202:15)
    at Function.proto.<computed> [as get] (C:\rohit\backend\typescriptBackend\node_modules\express\lib\router\index.js:510:19)
    at IndexRoute.initializeRoutes (C:\rohit\backend\typescriptBackend\src\routes\index.route.ts:16:15)
    at new IndexRoute (C:\rohit\backend\typescriptBackend\src\routes\index.route.ts:11:8)
    at Object.<anonymous> (C:\rohit\backend\typescriptBackend\src\server.ts:20:2)
    at Module._compile (node:internal/modules/cjs/loader:1103:14)
    at Module.m._compile (C:\Users\rohit\AppData\Roaming\npm\node_modules\ts-node\src\index.ts:1455:23)
    at Module._extensions..js (node:internal/modules/cjs/loader:1157:10)
    at Object.require.extensions.<computed> [as .ts] (C:\Users\rohit\AppData\Roaming\npm\node_modules\ts-node\src\index.ts:1458:12)
    at Module.load (node:internal/modules/cjs/loader:981:32)
    at Function.Module._load (node:internal/modules/cjs/loader:822:12)
    at Function.executeUserEntryPoint [as runMain] (node:internal/modules/run_main:77:12)
    at phase4 (C:\Users\rohit\AppData\Roaming\npm\node_modules\ts-node\src\bin.ts:567:12)
    at bootstrap (C:\Users\rohit\AppData\Roaming\npm\node_modules\ts-node\src\bin.ts:85:10)
    at main (C:\Users\rohit\AppData\Roaming\npm\node_modules\ts-node\src\bin.ts:54:10)
    at Object.<anonymous> (C:\Users\rohit\AppData\Roaming\npm\node_modules\ts-node\src\bin.ts:717:3)
    at Module._compile (node:internal/modules/cjs/loader:1103:14)
    at Object.Module._extensions..js (node:internal/modules/cjs/loader:1157:10)
    at Module.load (node:internal/modules/cjs/loader:981:32)
    at Function.Module._load (node:internal/modules/cjs/loader:822:12)
    at Function.executeUserEntryPoint [as runMain] (node:internal/modules/run_main:77:12)
    at node:internal/main/run_main_module:17:47
2022-04-04 14:23:42 error: uncaughtException: тип Unable to compile TypeScript:
[96msrc/routes/admin.route.ts[0m:[93m30[0m:[93m13[0m - [91merror[0m[90m TS1005: [0m',' expected.

[7m30[0m             this.adminController.
[7m  [0m [91m            ~~~~[0m
[96msrc/routes/admin.route.ts[0m:[93m31[0m:[93m9[0m - [91merror[0m[90m TS1003: [0mIdentifier expected.

[7m31[0m         );
[7m  [0m [91m        ~[0m

TSError: тип Unable to compile TypeScript:
[96msrc/routes/admin.route.ts[0m:[93m30[0m:[93m13[0m - [91merror[0m[90m TS1005: [0m',' expected.

[7m30[0m             this.adminController.
[7m  [0m [91m            ~~~~[0m
[96msrc/routes/admin.route.ts[0m:[93m31[0m:[93m9[0m - [91merror[0m[90m TS1003: [0mIdentifier expected.

[7m31[0m         );
[7m  [0m [91m        ~[0m

    at createTSError (C:\Users\rohit\AppData\Roaming\npm\node_modules\ts-node\src\index.ts:820:12)
    at reportTSError (C:\Users\rohit\AppData\Roaming\npm\node_modules\ts-node\src\index.ts:824:19)
    at C:\Users\rohit\AppData\Roaming\npm\node_modules\ts-node\src\index.ts:1292:34
    at Object.compile (C:\Users\rohit\AppData\Roaming\npm\node_modules\ts-node\src\index.ts:1322:43)
    at Module.m._compile (C:\Users\rohit\AppData\Roaming\npm\node_modules\ts-node\src\index.ts:1454:30)
    at Module._extensions..js (node:internal/modules/cjs/loader:1157:10)
    at Object.require.extensions.<computed> [as .ts] (C:\Users\rohit\AppData\Roaming\npm\node_modules\ts-node\src\index.ts:1458:12)
    at Module.load (node:internal/modules/cjs/loader:981:32)
    at Function.Module._load (node:internal/modules/cjs/loader:822:12)
    at Module.require (node:internal/modules/cjs/loader:1005:19)
    at require (node:internal/modules/cjs/helpers:102:18)
    at Object.<anonymous> (C:\rohit\backend\typescriptBackend\src\server.ts:11:1)
    at Module._compile (node:internal/modules/cjs/loader:1103:14)
    at Module.m._compile (C:\Users\rohit\AppData\Roaming\npm\node_modules\ts-node\src\index.ts:1455:23)
    at Module._extensions..js (node:internal/modules/cjs/loader:1157:10)
    at Object.require.extensions.<computed> [as .ts] (C:\Users\rohit\AppData\Roaming\npm\node_modules\ts-node\src\index.ts:1458:12)
